  stdafx.cpp
D:\School\Programs\ETGG 2802_1 Graphics 2\Lab 1\h\stdafx.h(25,10): warning C4067: unexpected tokens following preprocessor directive - expected a newline
D:\School\Programs\ETGG 2802_1 Graphics 2\Lab 1\h\stdafx.h(33,10): warning C4067: unexpected tokens following preprocessor directive - expected a newline
  bill_board_manager.cpp
D:\School\Programs\ETGG 2802_1 Graphics 2\Lab 1\cpp\bill_board_manager.cpp(87,31): warning C4267: 'argument': conversion from 'size_t' to 'GLsizei', possible loss of data
  Buffer.cpp
  Bullet.cpp
  Camera.cpp
  DataTexture2DArray.cpp
  dungeon.cpp
D:\School\Programs\ETGG 2802_1 Graphics 2\Lab 1\h\dungeon.h(13,32): warning C4267: 'return': conversion from 'size_t' to 'int', possible loss of data
  enemy.cpp
  Framebuffer.cpp
  FullscreenQuad.cpp
  game_object.cpp
D:\School\Programs\ETGG 2802_1 Graphics 2\Lab 1\cpp\game_object.cpp(18,19): warning C4244: '=': conversion from 'float' to 'int', possible loss of data
D:\School\Programs\ETGG 2802_1 Graphics 2\Lab 1\cpp\game_object.cpp(39,23): warning C4244: '-=': conversion from 'float' to 'int', possible loss of data
  game_state.cpp
D:\School\Programs\ETGG 2802_1 Graphics 2\Lab 1\h\dungeon.h(13,32): warning C4267: 'return': conversion from 'size_t' to 'int', possible loss of data
D:\School\Programs\ETGG 2802_1 Graphics 2\Lab 1\cpp\game_state.cpp(4,35): warning C4356: 'Singleton<GameState>::msSingleton': static data member cannot be initialized via derived class
D:\School\Programs\ETGG 2802_1 Graphics 2\Lab 1\cpp\game_state.cpp(77,28): warning C4018: '<': signed/unsigned mismatch
D:\School\Programs\ETGG 2802_1 Graphics 2\Lab 1\cpp\game_state.cpp(162,29): warning C4244: 'argument': conversion from 'float' to 'int', possible loss of data
D:\School\Programs\ETGG 2802_1 Graphics 2\Lab 1\cpp\game_state.cpp(163,21): warning C4244: 'argument': conversion from 'float' to 'int', possible loss of data
D:\School\Programs\ETGG 2802_1 Graphics 2\Lab 1\cpp\game_state.cpp(166,25): warning C4244: 'argument': conversion from 'float' to 'int', possible loss of data
D:\School\Programs\ETGG 2802_1 Graphics 2\Lab 1\cpp\game_state.cpp(173,30): warning C4244: 'argument': conversion from 'float' to 'int', possible loss of data
D:\School\Programs\ETGG 2802_1 Graphics 2\Lab 1\h\bill_board_manager.h(39,1): warning C4244: '-=': conversion from 'float' to '_Ty', possible loss of data
          with
          [
              _Ty=int
          ]
D:\School\Programs\ETGG 2802_1 Graphics 2\Lab 1\cpp\game_state.cpp(170): message : see reference to function template instantiation 'void BillBoardManager::update<GameState::update::<lambda_42e8f38bc858ee9296179d69c5837124>>(float,const T &)' being compiled
          with
          [
              T=GameState::update::<lambda_42e8f38bc858ee9296179d69c5837124>
          ]
  glfuncs.cpp
  icosphere.cpp
  Image.cpp
  ImageTexture2DArray.cpp
  ImageTextureCube.cpp
  input_manager.cpp
D:\School\Programs\ETGG 2802_1 Graphics 2\Lab 1\h\dungeon.h(13,32): warning C4267: 'return': conversion from 'size_t' to 'int', possible loss of data
  json11.cpp
  LightManager.cpp
  MagicLantern.cpp
  Generating Code...
D:\School\Programs\ETGG 2802_1 Graphics 2\Lab 1\h\dungeon.h(15): warning C4715: 'Dungeon::get_light_position': not all control paths return a value
  Compiling...
  main.cpp
D:\School\Programs\ETGG 2802_1 Graphics 2\Lab 1\h\dungeon.h(13,32): warning C4267: 'return': conversion from 'size_t' to 'int', possible loss of data
  Mesh.cpp
  miniz_tinfl.cpp
  parsegltf.cpp
  parseobj.cpp
  ParticleSystem.cpp
  PowerUp.cpp
  Program.cpp
  Sampler.cpp
  setupgl.cpp
D:\School\Programs\ETGG 2802_1 Graphics 2\Lab 1\h\dungeon.h(13,32): warning C4267: 'return': conversion from 'size_t' to 'int', possible loss of data
  SkyBox.cpp
  Text.cpp
  Texture.cpp
  Texture2DArray.cpp
  TextureCube.cpp
  utils.cpp
  Zip.cpp
  Generating Code...
  Lab 1.vcxproj -> D:\School\Programs\ETGG 2802_1 Graphics 2\Lab 1\x64\Debug\Lab 1.exe
