d:\schoolandprojects\programs\etgg 2802_1 graphics 2\lab 1\lab 1\x64\debug\vc142.pdb
d:\schoolandprojects\programs\etgg 2802_1 graphics 2\lab 1\lab 1\x64\debug\vc142.idb
d:\schoolandprojects\programs\etgg 2802_1 graphics 2\lab 1\lab 1\x64\debug\particlesystem.obj
d:\schoolandprojects\programs\etgg 2802_1 graphics 2\lab 1\lab 1\x64\debug\parseobj.obj
d:\schoolandprojects\programs\etgg 2802_1 graphics 2\lab 1\lab 1\x64\debug\parsegltf.obj
d:\schoolandprojects\programs\etgg 2802_1 graphics 2\lab 1\lab 1\x64\debug\miniz_tinfl.obj
d:\schoolandprojects\programs\etgg 2802_1 graphics 2\lab 1\lab 1\x64\debug\mesh.obj
d:\schoolandprojects\programs\etgg 2802_1 graphics 2\lab 1\lab 1\x64\debug\main.obj
d:\schoolandprojects\programs\etgg 2802_1 graphics 2\lab 1\lab 1\x64\debug\magiclantern.obj
d:\schoolandprojects\programs\etgg 2802_1 graphics 2\lab 1\lab 1\x64\debug\lightmanager.obj
d:\schoolandprojects\programs\etgg 2802_1 graphics 2\lab 1\lab 1\x64\debug\json11.obj
d:\schoolandprojects\programs\etgg 2802_1 graphics 2\lab 1\lab 1\x64\debug\imagetexturecube.obj
d:\schoolandprojects\programs\etgg 2802_1 graphics 2\lab 1\lab 1\x64\debug\imagetexture2darray.obj
d:\schoolandprojects\programs\etgg 2802_1 graphics 2\lab 1\lab 1\x64\debug\image.obj
d:\schoolandprojects\programs\etgg 2802_1 graphics 2\lab 1\lab 1\x64\debug\icosphere.obj
d:\schoolandprojects\programs\etgg 2802_1 graphics 2\lab 1\lab 1\x64\debug\glfuncs.obj
d:\schoolandprojects\programs\etgg 2802_1 graphics 2\lab 1\lab 1\x64\debug\fullscreenquad.obj
d:\schoolandprojects\programs\etgg 2802_1 graphics 2\lab 1\lab 1\x64\debug\framebuffer.obj
d:\schoolandprojects\programs\etgg 2802_1 graphics 2\lab 1\lab 1\x64\debug\datatexture2darray.obj
d:\schoolandprojects\programs\etgg 2802_1 graphics 2\lab 1\lab 1\x64\debug\camera.obj
d:\schoolandprojects\programs\etgg 2802_1 graphics 2\lab 1\lab 1\x64\debug\bullet.obj
d:\schoolandprojects\programs\etgg 2802_1 graphics 2\lab 1\lab 1\x64\debug\buffer.obj
d:\schoolandprojects\programs\etgg 2802_1 graphics 2\lab 1\lab 1\x64\debug\zip.obj
d:\schoolandprojects\programs\etgg 2802_1 graphics 2\lab 1\lab 1\x64\debug\utils.obj
d:\schoolandprojects\programs\etgg 2802_1 graphics 2\lab 1\lab 1\x64\debug\texturecube.obj
d:\schoolandprojects\programs\etgg 2802_1 graphics 2\lab 1\lab 1\x64\debug\texture2darray.obj
d:\schoolandprojects\programs\etgg 2802_1 graphics 2\lab 1\lab 1\x64\debug\texture.obj
d:\schoolandprojects\programs\etgg 2802_1 graphics 2\lab 1\lab 1\x64\debug\text.obj
d:\schoolandprojects\programs\etgg 2802_1 graphics 2\lab 1\lab 1\x64\debug\setupgl.obj
d:\schoolandprojects\programs\etgg 2802_1 graphics 2\lab 1\lab 1\x64\debug\sampler.obj
d:\schoolandprojects\programs\etgg 2802_1 graphics 2\lab 1\lab 1\x64\debug\program.obj
d:\schoolandprojects\programs\etgg 2802_1 graphics 2\lab 1\lab 1\x64\debug\lab 1.tlog\cl.command.1.tlog
d:\schoolandprojects\programs\etgg 2802_1 graphics 2\lab 1\lab 1\x64\debug\lab 1.tlog\cl.read.1.tlog
d:\schoolandprojects\programs\etgg 2802_1 graphics 2\lab 1\lab 1\x64\debug\lab 1.tlog\cl.write.1.tlog
d:\schoolandprojects\programs\etgg 2802_1 graphics 2\lab 1\lab 1\x64\debug\lab 1.tlog\link.command.1.tlog
d:\schoolandprojects\programs\etgg 2802_1 graphics 2\lab 1\lab 1\x64\debug\lab 1.tlog\link.read.1.tlog
d:\schoolandprojects\programs\etgg 2802_1 graphics 2\lab 1\lab 1\x64\debug\lab 1.tlog\link.write.1.tlog
